<?xml version="1.0" encoding="utf-8"?><testsuites name="pytest tests"><testsuite name="pytest" errors="0" failures="0" skipped="0" tests="22" time="1.931" timestamp="2026-01-18T09:59:32.078056+00:00" hostname="agent-env-fe492ae9-9082-41ae-b95d-48c5c4ca6117"><testcase classname="tests.test_enhanced_financial_features.TestHealthAndAuth" name="test_health_check" time="0.074" /><testcase classname="tests.test_enhanced_financial_features.TestHealthAndAuth" name="test_login_success" time="0.263" /><testcase classname="tests.test_enhanced_financial_features.TestHealthAndAuth" name="test_login_invalid_credentials" time="0.036" /><testcase classname="tests.test_enhanced_financial_features.TestBankAccountsWithOpeningBalance" name="test_get_bank_accounts" time="0.305" /><testcase classname="tests.test_enhanced_financial_features.TestBankAccountsWithOpeningBalance" name="test_create_bank_account_with_opening_balance" time="0.010" /><testcase classname="tests.test_enhanced_financial_features.TestBankAccountsWithOpeningBalance" name="test_create_bank_account_without_opening_balance_fails" time="0.050" /><testcase classname="tests.test_enhanced_financial_features.TestBankAccountsWithOpeningBalance" name="test_update_bank_account_cannot_change_opening_balance" time="0.032" /><testcase classname="tests.test_enhanced_financial_features.TestDualTypeIncome" name="test_get_income_entries" time="0.014" /><testcase classname="tests.test_enhanced_financial_features.TestDualTypeIncome" name="test_get_income_filtered_by_type" time="0.100" /><testcase classname="tests.test_enhanced_financial_features.TestDualTypeIncome" name="test_create_personal_income" time="0.071" /><testcase classname="tests.test_enhanced_financial_features.TestDualTypeIncome" name="test_create_personal_income_without_source_fails" time="0.029" /><testcase classname="tests.test_enhanced_financial_features.TestDualTypeIncome" name="test_create_income_without_bank_account_fails" time="0.048" /><testcase classname="tests.test_enhanced_financial_features.TestExpensesWithMandatoryBank" name="test_get_expenses" time="0.009" /><testcase classname="tests.test_enhanced_financial_features.TestExpensesWithMandatoryBank" name="test_create_expense_with_bank_account" time="0.072" /><testcase classname="tests.test_enhanced_financial_features.TestExpensesWithMandatoryBank" name="test_create_expense_without_bank_account_fails" time="0.008" /><testcase classname="tests.test_enhanced_financial_features.TestBankTransfers" name="test_get_bank_transfers" time="0.051" /><testcase classname="tests.test_enhanced_financial_features.TestBankTransfers" name="test_create_bank_transfer" time="0.029" /><testcase classname="tests.test_enhanced_financial_features.TestBankTransfers" name="test_transfer_to_same_account_fails" time="0.067" /><testcase classname="tests.test_enhanced_financial_features.TestLedgerViews" name="test_get_consolidated_ledger" time="0.024" /><testcase classname="tests.test_enhanced_financial_features.TestLedgerViews" name="test_get_bank_wise_ledger" time="0.070" /><testcase classname="tests.test_enhanced_financial_features.TestDashboardStats" name="test_dashboard_stats" time="0.062" /><testcase classname="tests.test_enhanced_financial_features.TestCleanup" name="test_cleanup_test_data" time="0.420" /></testsuite></testsuites>