<?xml version="1.0" encoding="utf-8"?><testsuites name="pytest tests"><testsuite name="pytest" errors="0" failures="0" skipped="0" tests="20" time="2.257" timestamp="2026-01-18T08:22:33.807030+00:00" hostname="agent-env-54b8e72f-c6db-44cc-8dec-24dcd661d8a7"><testcase classname="tests.test_enhanced_features.TestBankAccounts" name="test_get_bank_accounts" time="0.358" /><testcase classname="tests.test_enhanced_features.TestBankAccounts" name="test_create_bank_account" time="0.056" /><testcase classname="tests.test_enhanced_features.TestBankAccounts" name="test_create_primary_bank_account" time="0.039" /><testcase classname="tests.test_enhanced_features.TestBankAccounts" name="test_update_bank_account" time="0.077" /><testcase classname="tests.test_enhanced_features.TestBankAccounts" name="test_delete_bank_account_without_transactions" time="0.077" /><testcase classname="tests.test_enhanced_features.TestLedgerSettings" name="test_get_ledger_settings" time="0.042" /><testcase classname="tests.test_enhanced_features.TestLedgerSettings" name="test_create_or_update_ledger_settings" time="0.045" /><testcase classname="tests.test_enhanced_features.TestLedgerSettings" name="test_opening_balance_reflects_in_ledger" time="0.074" /><testcase classname="tests.test_enhanced_features.TestIncomeModule" name="test_get_income" time="0.039" /><testcase classname="tests.test_enhanced_features.TestIncomeModule" name="test_create_income_for_invoice" time="0.164" /><testcase classname="tests.test_enhanced_features.TestIncomeModule" name="test_partial_payment_updates_invoice_status" time="0.150" /><testcase classname="tests.test_enhanced_features.TestIncomeModule" name="test_update_income" time="0.152" /><testcase classname="tests.test_enhanced_features.TestIncomeModule" name="test_delete_income" time="0.150" /><testcase classname="tests.test_enhanced_features.TestInvoiceSoftDelete" name="test_soft_delete_invoice" time="0.223" /><testcase classname="tests.test_enhanced_features.TestInvoiceSoftDelete" name="test_restore_deleted_invoice" time="0.186" /><testcase classname="tests.test_enhanced_features.TestItemLevelDiscounts" name="test_create_invoice_with_item_discount_percentage" time="0.071" /><testcase classname="tests.test_enhanced_features.TestItemLevelDiscounts" name="test_create_invoice_with_item_discount_amount" time="0.074" /><testcase classname="tests.test_enhanced_features.TestItemLevelDiscounts" name="test_create_invoice_with_invoice_level_discount" time="0.073" /><testcase classname="tests.test_enhanced_features.TestDashboardNewStats" name="test_dashboard_has_new_stats" time="0.040" /><testcase classname="tests.test_enhanced_features.TestLedgerCalculation" name="test_ledger_calculation" time="0.043" /></testsuite></testsuites>