<?xml version="1.0" encoding="utf-8"?><testsuites name="pytest tests"><testsuite name="pytest" errors="0" failures="1" skipped="0" tests="22" time="1.428" timestamp="2026-01-18T09:58:58.009891+00:00" hostname="agent-env-fe492ae9-9082-41ae-b95d-48c5c4ca6117"><testcase classname="tests.test_enhanced_financial_features.TestHealthAndAuth" name="test_health_check" time="0.100" /><testcase classname="tests.test_enhanced_financial_features.TestHealthAndAuth" name="test_login_success" time="0.265" /><testcase classname="tests.test_enhanced_financial_features.TestHealthAndAuth" name="test_login_invalid_credentials" time="0.039" /><testcase classname="tests.test_enhanced_financial_features.TestBankAccountsWithOpeningBalance" name="test_get_bank_accounts" time="0.308" /><testcase classname="tests.test_enhanced_financial_features.TestBankAccountsWithOpeningBalance" name="test_create_bank_account_with_opening_balance" time="0.058" /><testcase classname="tests.test_enhanced_financial_features.TestBankAccountsWithOpeningBalance" name="test_create_bank_account_without_opening_balance_fails" time="0.014" /><testcase classname="tests.test_enhanced_financial_features.TestBankAccountsWithOpeningBalance" name="test_update_bank_account_cannot_change_opening_balance" time="0.074" /><testcase classname="tests.test_enhanced_financial_features.TestDualTypeIncome" name="test_get_income_entries" time="0.017" /><testcase classname="tests.test_enhanced_financial_features.TestDualTypeIncome" name="test_get_income_filtered_by_type" time="0.060" /><testcase classname="tests.test_enhanced_financial_features.TestDualTypeIncome" name="test_create_personal_income" time="0.030" /><testcase classname="tests.test_enhanced_financial_features.TestDualTypeIncome" name="test_create_personal_income_without_source_fails" time="0.027" /><testcase classname="tests.test_enhanced_financial_features.TestDualTypeIncome" name="test_create_income_without_bank_account_fails" time="0.009" /><testcase classname="tests.test_enhanced_financial_features.TestExpensesWithMandatoryBank" name="test_get_expenses" time="0.010" /><testcase classname="tests.test_enhanced_financial_features.TestExpensesWithMandatoryBank" name="test_create_expense_with_bank_account" time="0.070" /><testcase classname="tests.test_enhanced_financial_features.TestExpensesWithMandatoryBank" name="test_create_expense_without_bank_account_fails" time="0.010" /><testcase classname="tests.test_enhanced_financial_features.TestBankTransfers" name="test_get_bank_transfers" time="0.010" /><testcase classname="tests.test_enhanced_financial_features.TestBankTransfers" name="test_create_bank_transfer" time="0.044" /><testcase classname="tests.test_enhanced_financial_features.TestBankTransfers" name="test_transfer_to_same_account_fails" time="0.033" /><testcase classname="tests.test_enhanced_financial_features.TestLedgerViews" name="test_get_consolidated_ledger" time="0.025" /><testcase classname="tests.test_enhanced_financial_features.TestLedgerViews" name="test_get_bank_wise_ledger" time="0.030" /><testcase classname="tests.test_enhanced_financial_features.TestDashboardStats" name="test_dashboard_stats" time="0.020" /><testcase classname="tests.test_enhanced_financial_features.TestCleanup" name="test_cleanup_test_data" time="0.014"><failure message="AttributeError: 'NoneType' object has no attribute 'startswith'">tests/test_enhanced_financial_features.py:472: in test_cleanup_test_data
    if entry.get("reference_number", "").startswith("TEST_"):
       ^^^^^^^^^^^^^^^^^^^^^^^^^^^^^^^^^^^^^^^^^^^^
E   AttributeError: 'NoneType' object has no attribute 'startswith'</failure></testcase></testsuite></testsuites>