<?xml version="1.0" encoding="utf-8"?><testsuites name="pytest tests"><testsuite name="pytest" errors="0" failures="0" skipped="0" tests="27" time="2.112" timestamp="2026-01-16T14:11:11.374673+00:00" hostname="agent-env-54b8e72f-c6db-44cc-8dec-24dcd661d8a7"><testcase classname="tests.test_gst_api.TestHealthAndAuth" name="test_health_check" time="0.070" /><testcase classname="tests.test_gst_api.TestHealthAndAuth" name="test_api_root" time="0.035" /><testcase classname="tests.test_gst_api.TestHealthAndAuth" name="test_login_success" time="0.257" /><testcase classname="tests.test_gst_api.TestHealthAndAuth" name="test_login_invalid_credentials" time="0.044" /><testcase classname="tests.test_gst_api.TestHealthAndAuth" name="test_get_me_with_token" time="0.293" /><testcase classname="tests.test_gst_api.TestHealthAndAuth" name="test_get_me_without_token" time="0.037" /><testcase classname="tests.test_gst_api.TestCustomersCRUD" name="test_get_customers" time="0.035" /><testcase classname="tests.test_gst_api.TestCustomersCRUD" name="test_create_customer" time="0.037" /><testcase classname="tests.test_gst_api.TestCustomersCRUD" name="test_update_customer" time="0.151" /><testcase classname="tests.test_gst_api.TestCustomersCRUD" name="test_delete_customer" time="0.108" /><testcase classname="tests.test_gst_api.TestProductsCRUD" name="test_get_products" time="0.040" /><testcase classname="tests.test_gst_api.TestProductsCRUD" name="test_create_product" time="0.035" /><testcase classname="tests.test_gst_api.TestProductsCRUD" name="test_update_product" time="0.074" /><testcase classname="tests.test_gst_api.TestProductsCRUD" name="test_delete_product" time="0.074" /><testcase classname="tests.test_gst_api.TestExpensesCRUD" name="test_get_expenses" time="0.035" /><testcase classname="tests.test_gst_api.TestExpensesCRUD" name="test_create_expense" time="0.036" /><testcase classname="tests.test_gst_api.TestExpensesCRUD" name="test_update_expense" time="0.077" /><testcase classname="tests.test_gst_api.TestExpensesCRUD" name="test_delete_expense" time="0.079" /><testcase classname="tests.test_gst_api.TestBusinessSettings" name="test_get_business" time="0.039" /><testcase classname="tests.test_gst_api.TestBusinessSettings" name="test_create_or_update_business" time="0.039" /><testcase classname="tests.test_gst_api.TestInvoices" name="test_get_invoices" time="0.039" /><testcase classname="tests.test_gst_api.TestInvoices" name="test_get_next_invoice_number" time="0.039" /><testcase classname="tests.test_gst_api.TestInvoices" name="test_create_invoice_intra_state" time="0.114" /><testcase classname="tests.test_gst_api.TestInvoices" name="test_create_invoice_inter_state" time="0.115" /><testcase classname="tests.test_gst_api.TestInvoices" name="test_update_invoice_payment" time="0.074" /><testcase classname="tests.test_gst_api.TestDashboardAndLedger" name="test_get_dashboard_stats" time="0.039" /><testcase classname="tests.test_gst_api.TestDashboardAndLedger" name="test_get_ledger_data" time="0.039" /></testsuite></testsuites>