<?xml version="1.0" encoding="utf-8"?><testsuites name="pytest tests"><testsuite name="pytest" errors="0" failures="2" skipped="0" tests="27" time="2.613" timestamp="2026-01-16T14:10:19.802554+00:00" hostname="agent-env-54b8e72f-c6db-44cc-8dec-24dcd661d8a7"><testcase classname="tests.test_gst_api.TestHealthAndAuth" name="test_health_check" time="0.089" /><testcase classname="tests.test_gst_api.TestHealthAndAuth" name="test_api_root" time="0.041" /><testcase classname="tests.test_gst_api.TestHealthAndAuth" name="test_login_success" time="0.275" /><testcase classname="tests.test_gst_api.TestHealthAndAuth" name="test_login_invalid_credentials" time="0.042" /><testcase classname="tests.test_gst_api.TestHealthAndAuth" name="test_get_me_with_token" time="0.309" /><testcase classname="tests.test_gst_api.TestHealthAndAuth" name="test_get_me_without_token" time="0.033" /><testcase classname="tests.test_gst_api.TestCustomersCRUD" name="test_get_customers" time="0.038" /><testcase classname="tests.test_gst_api.TestCustomersCRUD" name="test_create_customer" time="0.067" /><testcase classname="tests.test_gst_api.TestCustomersCRUD" name="test_update_customer" time="0.117" /><testcase classname="tests.test_gst_api.TestCustomersCRUD" name="test_delete_customer" time="0.107" /><testcase classname="tests.test_gst_api.TestProductsCRUD" name="test_get_products" time="0.043" /><testcase classname="tests.test_gst_api.TestProductsCRUD" name="test_create_product" time="0.061" /><testcase classname="tests.test_gst_api.TestProductsCRUD" name="test_update_product" time="0.074" /><testcase classname="tests.test_gst_api.TestProductsCRUD" name="test_delete_product" time="0.082" /><testcase classname="tests.test_gst_api.TestExpensesCRUD" name="test_get_expenses" time="0.036" /><testcase classname="tests.test_gst_api.TestExpensesCRUD" name="test_create_expense" time="0.073" /><testcase classname="tests.test_gst_api.TestExpensesCRUD" name="test_update_expense" time="0.115" /><testcase classname="tests.test_gst_api.TestExpensesCRUD" name="test_delete_expense" time="0.117" /><testcase classname="tests.test_gst_api.TestBusinessSettings" name="test_get_business" time="0.037" /><testcase classname="tests.test_gst_api.TestBusinessSettings" name="test_create_or_update_business" time="0.100" /><testcase classname="tests.test_gst_api.TestInvoices" name="test_get_invoices" time="0.034" /><testcase classname="tests.test_gst_api.TestInvoices" name="test_get_next_invoice_number" time="0.043" /><testcase classname="tests.test_gst_api.TestInvoices" name="test_create_invoice_intra_state" time="0.135"><failure message="assert 520 == 200&#10; +  where 520 = &lt;Response [520]&gt;.status_code">tests/test_gst_api.py:388: in test_create_invoice_intra_state
    assert response.status_code == 200
E   assert 520 == 200
E    +  where 520 = &lt;Response [520]&gt;.status_code</failure></testcase><testcase classname="tests.test_gst_api.TestInvoices" name="test_create_invoice_inter_state" time="0.151"><failure message="assert 520 == 200&#10; +  where 520 = &lt;Response [520]&gt;.status_code">tests/test_gst_api.py:433: in test_create_invoice_inter_state
    assert response.status_code == 200
E   assert 520 == 200
E    +  where 520 = &lt;Response [520]&gt;.status_code</failure></testcase><testcase classname="tests.test_gst_api.TestInvoices" name="test_update_invoice_payment" time="0.075" /><testcase classname="tests.test_gst_api.TestDashboardAndLedger" name="test_get_dashboard_stats" time="0.037" /><testcase classname="tests.test_gst_api.TestDashboardAndLedger" name="test_get_ledger_data" time="0.040" /></testsuite></testsuites>